0 info it worked if it ends with ok
1 verbose cli [ '/usr/bin/node', '/bin/npm', 'run', 'server' ]
2 info using npm@3.10.10
3 info using node@v6.11.3
4 verbose run-script [ 'preserver', 'server', 'postserver' ]
5 info lifecycle mychips@0.1.0~preserver: mychips@0.1.0
6 silly lifecycle mychips@0.1.0~preserver: no script for preserver, continuing
7 info lifecycle mychips@0.1.0~server: mychips@0.1.0
8 verbose lifecycle mychips@0.1.0~server: unsafe-perm in lifecycle true
9 verbose lifecycle mychips@0.1.0~server: PATH: /usr/lib/node_modules/npm/bin/node-gyp-bin:/home/kyle/share/choices/src/MyCHIPs.git/trunk/node_modules/.bin:/usr/bin:/usr/java/latest/bin:/usr/lib64/qt-3.3/bin:/sbin:/bin:/usr/sbin:/usr/bin:/usr/local/bin:/usr/X11R6/bin:/home/kyle/bin:/usr/local/pgsql/bin:~/share/devel/wyseman/bin:~/share/devel/mychips/bin
10 verbose lifecycle mychips@0.1.0~server: CWD: /home/kyle/share/choices/src/MyCHIPs.git/trunk
11 silly lifecycle mychips@0.1.0~server: Args: [ '-c', 'bin/mychips.js' ]
12 silly lifecycle mychips@0.1.0~server: Returned: code: 1  signal: null
13 info lifecycle mychips@0.1.0~server: Failed to exec server script
14 verbose stack Error: mychips@0.1.0 server: `bin/mychips.js`
14 verbose stack Exit status 1
14 verbose stack     at EventEmitter.<anonymous> (/usr/lib/node_modules/npm/lib/utils/lifecycle.js:255:16)
14 verbose stack     at emitTwo (events.js:106:13)
14 verbose stack     at EventEmitter.emit (events.js:191:7)
14 verbose stack     at ChildProcess.<anonymous> (/usr/lib/node_modules/npm/lib/utils/spawn.js:40:14)
14 verbose stack     at emitTwo (events.js:106:13)
14 verbose stack     at ChildProcess.emit (events.js:191:7)
14 verbose stack     at maybeClose (internal/child_process.js:920:16)
14 verbose stack     at Process.ChildProcess._handle.onexit (internal/child_process.js:230:5)
15 verbose pkgid mychips@0.1.0
16 verbose cwd /home/kyle/share/choices/src/MyCHIPs.git/trunk
17 error Linux 4.13.5-100.fc25.x86_64
18 error argv "/usr/bin/node" "/bin/npm" "run" "server"
19 error node v6.11.3
20 error npm  v3.10.10
21 error code ELIFECYCLE
22 error mychips@0.1.0 server: `bin/mychips.js`
22 error Exit status 1
23 error Failed at the mychips@0.1.0 server script 'bin/mychips.js'.
23 error Make sure you have the latest version of node.js and npm installed.
23 error If you do, this is most likely a problem with the mychips package,
23 error not with npm itself.
23 error Tell the author that this fails on your system:
23 error     bin/mychips.js
23 error You can get information on how to open an issue for this project with:
23 error     npm bugs mychips
23 error Or if that isn't available, you can get their info via:
23 error     npm owner ls mychips
23 error There is likely additional logging output above.
24 verbose exit [ 1, true ]
